[0828/085218.249:ERROR:process_memory_win.cc(73)] ReadMemory at 0x7ff677b10000 of 64 bytes failed: Only part of a ReadProcessMemory or WriteProcessMemory request was completed. (0x12B)
[0828/085218.250:WARNING:pe_image_reader.cc(340)] could not read dos header from C:\Program Files (x86)\Google\Chrome\Application\chrome.exe
[0828/085218.250:ERROR:process_memory_win.cc(73)] ReadMemory at 0x7ffff20d0000 of 64 bytes failed: Only part of a ReadProcessMemory or WriteProcessMemory request was completed. (0x12B)
[0828/085218.251:WARNING:pe_image_reader.cc(340)] could not read dos header from C:\Windows\SYSTEM32\ntdll.dll
[0828/085218.251:ERROR:process_memory_win.cc(73)] ReadMemory at 0x7ffff1950000 of 64 bytes failed: Only part of a ReadProcessMemory or WriteProcessMemory request was completed. (0x12B)
[0828/085218.251:WARNING:pe_image_reader.cc(340)] could not read dos header from C:\Windows\System32\KERNEL32.DLL
[0828/085218.251:ERROR:process_memory_win.cc(73)] ReadMemory at 0x7fffefa50000 of 64 bytes failed: Only part of a ReadProcessMemory or WriteProcessMemory request was completed. (0x12B)
[0828/085218.251:WARNING:pe_image_reader.cc(340)] could not read dos header from C:\Windows\System32\KERNELBASE.dll
[0828/085218.251:ERROR:process_memory_win.cc(73)] ReadMemory at 0x7fffc6f80000 of 64 bytes failed: Only part of a ReadProcessMemory or WriteProcessMemory request was completed. (0x12B)
[0828/085218.251:WARNING:pe_image_reader.cc(340)] could not read dos header from C:\Program Files (x86)\Google\Chrome\Application\84.0.4147.135\chrome_elf.dll
[0828/085218.251:ERROR:process_memory_win.cc(73)] ReadMemory at 0x7fffe8f90000 of 64 bytes failed: Only part of a ReadProcessMemory or WriteProcessMemory request was completed. (0x12B)
[0828/085218.251:WARNING:pe_image_reader.cc(340)] could not read dos header from C:\Windows\SYSTEM32\VERSION.dll
[0828/085218.251:ERROR:process_memory_win.cc(73)] ReadMemory at 0x7ffff0800000 of 64 bytes failed: Only part of a ReadProcessMemory or WriteProcessMemory request was completed. (0x12B)
[0828/085218.251:WARNING:pe_image_reader.cc(340)] could not read dos header from C:\Windows\System32\msvcrt.dll
[0828/085218.251:ERROR:process_memory_win.cc(73)] ReadMemory at 0x7ffff1fe0000 of 64 bytes failed: Only part of a ReadProcessMemory or WriteProcessMemory request was completed. (0x12B)
[0828/085218.252:WARNING:pe_image_reader.cc(340)] could not read dos header from C:\Windows\System32\ADVAPI32.dll
[0828/085218.252:ERROR:process_memory_win.cc(73)] ReadMemory at 0x7ffff05b0000 of 64 bytes failed: Only part of a ReadProcessMemory or WriteProcessMemory request was completed. (0x12B)
[0828/085218.252:WARNING:pe_image_reader.cc(340)] could not read dos header from C:\Windows\System32\sechost.dll
[0828/085218.252:ERROR:process_memory_win.cc(73)] ReadMemory at 0x2be60290000 of 64 bytes failed: Only part of a ReadProcessMemory or WriteProcessMemory request was completed. (0x12B)
[0828/085218.252:WARNING:pe_image_reader.cc(340)] could not read dos header from C:\Windows\System32\RPCRT4.dll
[0828/085218.252:ERROR:process_memory_win.cc(73)] ReadMemory at 0x7fff93330000 of 64 bytes failed: Only part of a ReadProcessMemory or WriteProcessMemory request was completed. (0x12B)
[0828/085218.252:WARNING:pe_image_reader.cc(340)] could not read dos header from C:\Program Files (x86)\Google\Chrome\Application\84.0.4147.135\chrome.dll
[0828/085218.252:ERROR:process_memory_win.cc(73)] ReadMemory at 0x7ffff16b0000 of 64 bytes failed: Only part of a ReadProcessMemory or WriteProcessMemory request was completed. (0x12B)
[0828/085218.252:WARNING:pe_image_reader.cc(340)] could not read dos header from C:\Windows\System32\WS2_32.dll
[0828/085218.252:ERROR:process_memory_win.cc(73)] ReadMemory at 0x7ffff0900000 of 64 bytes failed: Only part of a ReadProcessMemory or WriteProcessMemory request was completed. (0x12B)
[0828/085218.252:WARNING:pe_image_reader.cc(340)] could not read dos header from C:\Windows\System32\OLEAUT32.dll
[0828/085218.252:ERROR:process_memory_win.cc(73)] ReadMemory at 0x7fffef8b0000 of 64 bytes failed: Only part of a ReadProcessMemory or WriteProcessMemory request was completed. (0x12B)
[0828/085218.252:WARNING:pe_image_reader.cc(340)] could not read dos header from C:\Windows\System32\msvcp_win.dll
[0828/085218.252:ERROR:process_memory_win.cc(73)] ReadMemory at 0x7fffef950000 of 64 bytes failed: Only part of a ReadProcessMemory or WriteProcessMemory request was completed. (0x12B)
[0828/085218.252:WARNING:pe_image_reader.cc(340)] could not read dos header from C:\Windows\System32\ucrtbase.dll
[0828/085218.252:ERROR:process_memory_win.cc(73)] ReadMemory at 0x7ffff1c80000 of 64 bytes failed: Only part of a ReadProcessMemory or WriteProcessMemory request was completed. (0x12B)
[0828/085218.252:WARNING:pe_image_reader.cc(340)] could not read dos header from C:\Windows\System32\combase.dll
[0828/085218.253:ERROR:process_memory_win.cc(73)] ReadMemory at 0x7fffef850000 of 64 bytes failed: Only part of a ReadProcessMemory or WriteProcessMemory request was completed. (0x12B)
[0828/085218.253:WARNING:pe_image_reader.cc(340)] could not read dos header from C:\Windows\System32\WINTRUST.dll
[0828/085218.253:ERROR:process_memory_win.cc(73)] ReadMemory at 0x7fffefe20000 of 64 bytes failed: Only part of a ReadProcessMemory or WriteProcessMemory request was completed. (0x12B)
[0828/085218.253:WARNING:pe_image_reader.cc(340)] could not read dos header from C:\Windows\System32\CRYPT32.dll
[0828/085218.253:ERROR:process_memory_win.cc(73)] ReadMemory at 0x7fffeecc0000 of 64 bytes failed: Only part of a ReadProcessMemory or WriteProcessMemory request was completed. (0x12B)
[0828/085218.253:WARNING:pe_image_reader.cc(340)] could not read dos header from C:\Windows\SYSTEM32\IPHLPAPI.DLL
[0828/085218.253:ERROR:process_memory_win.cc(73)] ReadMemory at 0x7fffe2a40000 of 64 bytes failed: Only part of a ReadProcessMemory or WriteProcessMemory request was completed. (0x12B)
[0828/085218.253:WARNING:pe_image_reader.cc(340)] could not read dos header from C:\Windows\SYSTEM32\WINMM.dll
[0828/085218.253:ERROR:process_memory_win.cc(73)] ReadMemory at 0x7fffd91a0000 of 64 bytes failed: Only part of a ReadProcessMemory or WriteProcessMemory request was completed. (0x12B)
[0828/085218.253:WARNING:pe_image_reader.cc(340)] could not read dos header from C:\Windows\SYSTEM32\Secur32.dll
[0828/085218.253:ERROR:process_memory_win.cc(73)] ReadMemory at 0x7fffef720000 of 64 bytes failed: Only part of a ReadProcessMemory or WriteProcessMemory request was completed. (0x12B)
[0828/085218.253:WARNING:pe_image_reader.cc(340)] could not read dos header from C:\Windows\SYSTEM32\USERENV.dll
[0828/085218.253:ERROR:process_memory_win.cc(73)] ReadMemory at 0x7fffc3e90000 of 64 bytes failed: Only part of a ReadProcessMemory or WriteProcessMemory request was completed. (0x12B)
[0828/085218.253:WARNING:pe_image_reader.cc(340)] could not read dos header from C:\Windows\SYSTEM32\UIAutomationCore.DLL
[0828/085218.253:ERROR:process_memory_win.cc(73)] ReadMemory at 0x7fffc9940000 of 64 bytes failed: Only part of a ReadProcessMemory or WriteProcessMemory request was completed. (0x12B)
[0828/085218.253:WARNING:pe_image_reader.cc(340)] could not read dos header from C:\Windows\SYSTEM32\DWrite.dll
[0828/085218.253:ERROR:process_memory_win.cc(73)] ReadMemory at 0x7fffe2750000 of 64 bytes failed: Only part of a ReadProcessMemory or WriteProcessMemory request was completed. (0x12B)
[0828/085218.253:WARNING:pe_image_reader.cc(340)] could not read dos header from C:\Windows\SYSTEM32\WINSPOOL.DRV
[0828/085218.253:ERROR:process_memory_win.cc(73)] ReadMemory at 0x7fffed690000 of 64 bytes failed: Only part of a ReadProcessMemory or WriteProcessMemory request was completed. (0x12B)
[0828/085218.254:WARNING:pe_image_reader.cc(340)] could not read dos header from C:\Windows\SYSTEM32\dbghelp.dll
[0828/085218.254:ERROR:process_memory_win.cc(73)] ReadMemory at 0x7fffdfa50000 of 64 bytes failed: Only part of a ReadProcessMemory or WriteProcessMemory request was completed. (0x12B)
[0828/085218.254:WARNING:pe_image_reader.cc(340)] could not read dos header from C:\Windows\SYSTEM32\WINHTTP.dll
[0828/085218.254:ERROR:process_memory_win.cc(73)] ReadMemory at 0x7fffe6b50000 of 64 bytes failed: Only part of a ReadProcessMemory or WriteProcessMemory request was completed. (0x12B)
[0828/085218.254:WARNING:pe_image_reader.cc(340)] could not read dos header from C:\Windows\SYSTEM32\dhcpcsvc.DLL
[0828/085218.254:ERROR:process_memory_win.cc(73)] ReadMemory at 0x7fffecdc0000 of 64 bytes failed: Only part of a ReadProcessMemory or WriteProcessMemory request was completed. (0x12B)
[0828/085218.254:WARNING:pe_image_reader.cc(340)] could not read dos header from C:\Windows\SYSTEM32\PROPSYS.dll
[0828/085218.254:ERROR:process_memory_win.cc(73)] ReadMemory at 0x7fffef6e0000 of 64 bytes failed: Only part of a ReadProcessMemory or WriteProcessMemory request was completed. (0x12B)
[0828/085218.254:WARNING:pe_image_reader.cc(340)] could not read dos header from C:\Windows\SYSTEM32\SSPICLI.DLL
[0828/085218.254:ERROR:process_memory_win.cc(73)] ReadMemory at 0x7fffef420000 of 64 bytes failed: Only part of a ReadProcessMemory or WriteProcessMemory request was completed. (0x12B)
[0828/085218.254:WARNING:pe_image_reader.cc(340)] could not read dos header from C:\Windows\System32\MSASN1.dll
[0828/085218.254:ERROR:process_memory_win.cc(73)] ReadMemory at 0x7fffeffb0000 of 64 bytes failed: Only part of a ReadProcessMemory or WriteProcessMemory request was completed. (0x12B)
[0828/085218.254:WARNING:pe_image_reader.cc(340)] could not read dos header from C:\Windows\System32\bcryptPrimitives.dll
[0828/085218.254:ERROR:process_memory_win.cc(73)] ReadMemory at 0x7fffef210000 of 64 bytes failed: Only part of a ReadProcessMemory or WriteProcessMemory request was completed. (0x12B)
[0828/085218.255:WARNING:pe_image_reader.cc(340)] could not read dos header from C:\Windows\SYSTEM32\CRYPTBASE.DLL
[0828/085218.259:ERROR:process_memory_win.cc(73)] ReadMemory at 0x7ff677b10000 of 64 bytes failed: Only part of a ReadProcessMemory or WriteProcessMemory request was completed. (0x12B)
[0828/085218.259:WARNING:pe_image_reader.cc(340)] could not read dos header from C:\Program Files (x86)\Google\Chrome\Application\chrome.exe
[0828/085218.259:ERROR:process_memory_win.cc(73)] ReadMemory at 0x7ffff20d0000 of 64 bytes failed: Only part of a ReadProcessMemory or WriteProcessMemory request was completed. (0x12B)
[0828/085218.259:WARNING:pe_image_reader.cc(340)] could not read dos header from C:\Windows\SYSTEM32\ntdll.dll
[0828/085218.259:ERROR:process_memory_win.cc(73)] ReadMemory at 0x7ffff1950000 of 64 bytes failed: Only part of a ReadProcessMemory or WriteProcessMemory request was completed. (0x12B)
[0828/085218.259:WARNING:pe_image_reader.cc(340)] could not read dos header from C:\Windows\System32\KERNEL32.DLL
[0828/085218.259:ERROR:process_memory_win.cc(73)] ReadMemory at 0x7fffefa50000 of 64 bytes failed: Only part of a ReadProcessMemory or WriteProcessMemory request was completed. (0x12B)
[0828/085218.259:WARNING:pe_image_reader.cc(340)] could not read dos header from C:\Windows\System32\KERNELBASE.dll
[0828/085218.259:ERROR:process_memory_win.cc(73)] ReadMemory at 0x7fffc6f80000 of 64 bytes failed: Only part of a ReadProcessMemory or WriteProcessMemory request was completed. (0x12B)
[0828/085218.259:WARNING:pe_image_reader.cc(340)] could not read dos header from C:\Program Files (x86)\Google\Chrome\Application\84.0.4147.135\chrome_elf.dll
[0828/085218.259:ERROR:process_memory_win.cc(73)] ReadMemory at 0x7fffe8f90000 of 64 bytes failed: Only part of a ReadProcessMemory or WriteProcessMemory request was completed. (0x12B)
[0828/085218.259:WARNING:pe_image_reader.cc(340)] could not read dos header from C:\Windows\SYSTEM32\VERSION.dll
[0828/085218.259:ERROR:process_memory_win.cc(73)] ReadMemory at 0x7ffff0800000 of 64 bytes failed: Only part of a ReadProcessMemory or WriteProcessMemory request was completed. (0x12B)
[0828/085218.259:WARNING:pe_image_reader.cc(340)] could not read dos header from C:\Windows\System32\msvcrt.dll
[0828/085218.259:ERROR:process_memory_win.cc(73)] ReadMemory at 0x7ffff1fe0000 of 64 bytes failed: Only part of a ReadProcessMemory or WriteProcessMemory request was completed. (0x12B)
[0828/085218.259:WARNING:pe_image_reader.cc(340)] could not read dos header from C:\Windows\System32\ADVAPI32.dll
[0828/085218.259:ERROR:process_memory_win.cc(73)] ReadMemory at 0x7ffff05b0000 of 64 bytes failed: Only part of a ReadProcessMemory or WriteProcessMemory request was completed. (0x12B)
[0828/085218.259:WARNING:pe_image_reader.cc(340)] could not read dos header from C:\Windows\System32\sechost.dll
[0828/085218.259:ERROR:process_memory_win.cc(73)] ReadMemory at 0x2be60290000 of 64 bytes failed: Only part of a ReadProcessMemory or WriteProcessMemory request was completed. (0x12B)
[0828/085218.259:WARNING:pe_image_reader.cc(340)] could not read dos header from C:\Windows\System32\RPCRT4.dll
[0828/085218.260:ERROR:process_memory_win.cc(73)] ReadMemory at 0x7fff93330000 of 64 bytes failed: Only part of a ReadProcessMemory or WriteProcessMemory request was completed. (0x12B)
[0828/085218.260:WARNING:pe_image_reader.cc(340)] could not read dos header from C:\Program Files (x86)\Google\Chrome\Application\84.0.4147.135\chrome.dll
[0828/085218.260:ERROR:process_memory_win.cc(73)] ReadMemory at 0x7ffff16b0000 of 64 bytes failed: Only part of a ReadProcessMemory or WriteProcessMemory request was completed. (0x12B)
[0828/085218.260:WARNING:pe_image_reader.cc(340)] could not read dos header from C:\Windows\System32\WS2_32.dll
[0828/085218.260:ERROR:process_memory_win.cc(73)] ReadMemory at 0x7ffff0900000 of 64 bytes failed: Only part of a ReadProcessMemory or WriteProcessMemory request was completed. (0x12B)
[0828/085218.260:WARNING:pe_image_reader.cc(340)] could not read dos header from C:\Windows\System32\OLEAUT32.dll
[0828/085218.260:ERROR:process_memory_win.cc(73)] ReadMemory at 0x7fffef8b0000 of 64 bytes failed: Only part of a ReadProcessMemory or WriteProcessMemory request was completed. (0x12B)
[0828/085218.260:WARNING:pe_image_reader.cc(340)] could not read dos header from C:\Windows\System32\msvcp_win.dll
[0828/085218.260:ERROR:process_memory_win.cc(73)] ReadMemory at 0x7fffef950000 of 64 bytes failed: Only part of a ReadProcessMemory or WriteProcessMemory request was completed. (0x12B)
[0828/085218.260:WARNING:pe_image_reader.cc(340)] could not read dos header from C:\Windows\System32\ucrtbase.dll
[0828/085218.260:ERROR:process_memory_win.cc(73)] ReadMemory at 0x7ffff1c80000 of 64 bytes failed: Only part of a ReadProcessMemory or WriteProcessMemory request was completed. (0x12B)
[0828/085218.260:WARNING:pe_image_reader.cc(340)] could not read dos header from C:\Windows\System32\combase.dll
[0828/085218.260:ERROR:process_memory_win.cc(73)] ReadMemory at 0x7fffef850000 of 64 bytes failed: Only part of a ReadProcessMemory or WriteProcessMemory request was completed. (0x12B)
[0828/085218.260:WARNING:pe_image_reader.cc(340)] could not read dos header from C:\Windows\System32\WINTRUST.dll
[0828/085218.260:ERROR:process_memory_win.cc(73)] ReadMemory at 0x7fffefe20000 of 64 bytes failed: Only part of a ReadProcessMemory or WriteProcessMemory request was completed. (0x12B)
[0828/085218.260:WARNING:pe_image_reader.cc(340)] could not read dos header from C:\Windows\System32\CRYPT32.dll
[0828/085218.260:ERROR:process_memory_win.cc(73)] ReadMemory at 0x7fffeecc0000 of 64 bytes failed: Only part of a ReadProcessMemory or WriteProcessMemory request was completed. (0x12B)
[0828/085218.260:WARNING:pe_image_reader.cc(340)] could not read dos header from C:\Windows\SYSTEM32\IPHLPAPI.DLL
[0828/085218.260:ERROR:process_memory_win.cc(73)] ReadMemory at 0x7fffe2a40000 of 64 bytes failed: Only part of a ReadProcessMemory or WriteProcessMemory request was completed. (0x12B)
[0828/085218.260:WARNING:pe_image_reader.cc(340)] could not read dos header from C:\Windows\SYSTEM32\WINMM.dll
[0828/085218.260:ERROR:process_memory_win.cc(73)] ReadMemory at 0x7fffd91a0000 of 64 bytes failed: Only part of a ReadProcessMemory or WriteProcessMemory request was completed. (0x12B)
[0828/085218.260:WARNING:pe_image_reader.cc(340)] could not read dos header from C:\Windows\SYSTEM32\Secur32.dll
[0828/085218.261:ERROR:process_memory_win.cc(73)] ReadMemory at 0x7fffef720000 of 64 bytes failed: Only part of a ReadProcessMemory or WriteProcessMemory request was completed. (0x12B)
[0828/085218.261:WARNING:pe_image_reader.cc(340)] could not read dos header from C:\Windows\SYSTEM32\USERENV.dll
[0828/085218.261:ERROR:process_memory_win.cc(73)] ReadMemory at 0x7fffc3e90000 of 64 bytes failed: Only part of a ReadProcessMemory or WriteProcessMemory request was completed. (0x12B)
[0828/085218.261:WARNING:pe_image_reader.cc(340)] could not read dos header from C:\Windows\SYSTEM32\UIAutomationCore.DLL
[0828/085218.261:ERROR:process_memory_win.cc(73)] ReadMemory at 0x7fffc9940000 of 64 bytes failed: Only part of a ReadProcessMemory or WriteProcessMemory request was completed. (0x12B)
[0828/085218.261:WARNING:pe_image_reader.cc(340)] could not read dos header from C:\Windows\SYSTEM32\DWrite.dll
[0828/085218.261:ERROR:process_memory_win.cc(73)] ReadMemory at 0x7fffe2750000 of 64 bytes failed: Only part of a ReadProcessMemory or WriteProcessMemory request was completed. (0x12B)
[0828/085218.261:WARNING:pe_image_reader.cc(340)] could not read dos header from C:\Windows\SYSTEM32\WINSPOOL.DRV
[0828/085218.261:ERROR:process_memory_win.cc(73)] ReadMemory at 0x7fffed690000 of 64 bytes failed: Only part of a ReadProcessMemory or WriteProcessMemory request was completed. (0x12B)
[0828/085218.261:WARNING:pe_image_reader.cc(340)] could not read dos header from C:\Windows\SYSTEM32\dbghelp.dll
[0828/085218.261:ERROR:process_memory_win.cc(73)] ReadMemory at 0x7fffdfa50000 of 64 bytes failed: Only part of a ReadProcessMemory or WriteProcessMemory request was completed. (0x12B)
[0828/085218.261:WARNING:pe_image_reader.cc(340)] could not read dos header from C:\Windows\SYSTEM32\WINHTTP.dll
[0828/085218.261:ERROR:process_memory_win.cc(73)] ReadMemory at 0x7fffe6b50000 of 64 bytes failed: Only part of a ReadProcessMemory or WriteProcessMemory request was completed. (0x12B)
[0828/085218.261:WARNING:pe_image_reader.cc(340)] could not read dos header from C:\Windows\SYSTEM32\dhcpcsvc.DLL
[0828/085218.261:ERROR:process_memory_win.cc(73)] ReadMemory at 0x7fffecdc0000 of 64 bytes failed: Only part of a ReadProcessMemory or WriteProcessMemory request was completed. (0x12B)
[0828/085218.261:WARNING:pe_image_reader.cc(340)] could not read dos header from C:\Windows\SYSTEM32\PROPSYS.dll
[0828/085218.261:ERROR:process_memory_win.cc(73)] ReadMemory at 0x7fffef6e0000 of 64 bytes failed: Only part of a ReadProcessMemory or WriteProcessMemory request was completed. (0x12B)
[0828/085218.261:WARNING:pe_image_reader.cc(340)] could not read dos header from C:\Windows\SYSTEM32\SSPICLI.DLL
[0828/085218.261:ERROR:process_memory_win.cc(73)] ReadMemory at 0x7fffef420000 of 64 bytes failed: Only part of a ReadProcessMemory or WriteProcessMemory request was completed. (0x12B)
[0828/085218.261:WARNING:pe_image_reader.cc(340)] could not read dos header from C:\Windows\System32\MSASN1.dll
[0828/085218.261:ERROR:process_memory_win.cc(73)] ReadMemory at 0x7fffeffb0000 of 64 bytes failed: Only part of a ReadProcessMemory or WriteProcessMemory request was completed. (0x12B)
[0828/085218.261:WARNING:pe_image_reader.cc(340)] could not read dos header from C:\Windows\System32\bcryptPrimitives.dll
[0828/085218.261:ERROR:process_memory_win.cc(73)] ReadMemory at 0x7fffef210000 of 64 bytes failed: Only part of a ReadProcessMemory or WriteProcessMemory request was completed. (0x12B)
[0828/085218.261:WARNING:pe_image_reader.cc(340)] could not read dos header from C:\Windows\SYSTEM32\CRYPTBASE.DLL
[0828/085218.261:ERROR:process_memory_win.cc(73)] ReadMemory at 0x7ff677b10000 of 64 bytes failed: Only part of a ReadProcessMemory or WriteProcessMemory request was completed. (0x12B)
[0828/085218.261:WARNING:pe_image_reader.cc(340)] could not read dos header from C:\Program Files (x86)\Google\Chrome\Application\chrome.exe
[0828/085218.262:ERROR:process_memory_win.cc(73)] ReadMemory at 0x7ffff20d0000 of 64 bytes failed: Only part of a ReadProcessMemory or WriteProcessMemory request was completed. (0x12B)
[0828/085218.262:WARNING:pe_image_reader.cc(340)] could not read dos header from C:\Windows\SYSTEM32\ntdll.dll
[0828/085218.262:ERROR:process_memory_win.cc(73)] ReadMemory at 0x7ffff1950000 of 64 bytes failed: Only part of a ReadProcessMemory or WriteProcessMemory request was completed. (0x12B)
[0828/085218.262:WARNING:pe_image_reader.cc(340)] could not read dos header from C:\Windows\System32\KERNEL32.DLL
[0828/085218.262:ERROR:process_memory_win.cc(73)] ReadMemory at 0x7fffefa50000 of 64 bytes failed: Only part of a ReadProcessMemory or WriteProcessMemory request was completed. (0x12B)
[0828/085218.262:WARNING:pe_image_reader.cc(340)] could not read dos header from C:\Windows\System32\KERNELBASE.dll
[0828/085218.262:ERROR:process_memory_win.cc(73)] ReadMemory at 0x7fffc6f80000 of 64 bytes failed: Only part of a ReadProcessMemory or WriteProcessMemory request was completed. (0x12B)
[0828/085218.262:WARNING:pe_image_reader.cc(340)] could not read dos header from C:\Program Files (x86)\Google\Chrome\Application\84.0.4147.135\chrome_elf.dll
[0828/085218.262:ERROR:process_memory_win.cc(73)] ReadMemory at 0x7fffe8f90000 of 64 bytes failed: Only part of a ReadProcessMemory or WriteProcessMemory request was completed. (0x12B)
[0828/085218.262:WARNING:pe_image_reader.cc(340)] could not read dos header from C:\Windows\SYSTEM32\VERSION.dll
[0828/085218.262:ERROR:process_memory_win.cc(73)] ReadMemory at 0x7ffff0800000 of 64 bytes failed: Only part of a ReadProcessMemory or WriteProcessMemory request was completed. (0x12B)
[0828/085218.262:WARNING:pe_image_reader.cc(340)] could not read dos header from C:\Windows\System32\msvcrt.dll
[0828/085218.262:ERROR:process_memory_win.cc(73)] ReadMemory at 0x7ffff1fe0000 of 64 bytes failed: Only part of a ReadProcessMemory or WriteProcessMemory request was completed. (0x12B)
[0828/085218.262:WARNING:pe_image_reader.cc(340)] could not read dos header from C:\Windows\System32\ADVAPI32.dll
[0828/085218.262:ERROR:process_memory_win.cc(73)] ReadMemory at 0x7ffff05b0000 of 64 bytes failed: Only part of a ReadProcessMemory or WriteProcessMemory request was completed. (0x12B)
[0828/085218.262:WARNING:pe_image_reader.cc(340)] could not read dos header from C:\Windows\System32\sechost.dll
[0828/085218.262:ERROR:process_memory_win.cc(73)] ReadMemory at 0x2be60290000 of 64 bytes failed: Only part of a ReadProcessMemory or WriteProcessMemory request was completed. (0x12B)
[0828/085218.262:WARNING:pe_image_reader.cc(340)] could not read dos header from C:\Windows\System32\RPCRT4.dll
[0828/085218.262:ERROR:process_memory_win.cc(73)] ReadMemory at 0x7fff93330000 of 64 bytes failed: Only part of a ReadProcessMemory or WriteProcessMemory request was completed. (0x12B)
[0828/085218.262:WARNING:pe_image_reader.cc(340)] could not read dos header from C:\Program Files (x86)\Google\Chrome\Application\84.0.4147.135\chrome.dll
[0828/085218.262:ERROR:process_memory_win.cc(73)] ReadMemory at 0x7ffff16b0000 of 64 bytes failed: Only part of a ReadProcessMemory or WriteProcessMemory request was completed. (0x12B)
[0828/085218.262:WARNING:pe_image_reader.cc(340)] could not read dos header from C:\Windows\System32\WS2_32.dll
[0828/085218.262:ERROR:process_memory_win.cc(73)] ReadMemory at 0x7ffff0900000 of 64 bytes failed: Only part of a ReadProcessMemory or WriteProcessMemory request was completed. (0x12B)
[0828/085218.262:WARNING:pe_image_reader.cc(340)] could not read dos header from C:\Windows\System32\OLEAUT32.dll
[0828/085218.262:ERROR:process_memory_win.cc(73)] ReadMemory at 0x7fffef8b0000 of 64 bytes failed: Only part of a ReadProcessMemory or WriteProcessMemory request was completed. (0x12B)
[0828/085218.262:WARNING:pe_image_reader.cc(340)] could not read dos header from C:\Windows\System32\msvcp_win.dll
[0828/085218.262:ERROR:process_memory_win.cc(73)] ReadMemory at 0x7fffef950000 of 64 bytes failed: Only part of a ReadProcessMemory or WriteProcessMemory request was completed. (0x12B)
[0828/085218.262:WARNING:pe_image_reader.cc(340)] could not read dos header from C:\Windows\System32\ucrtbase.dll
[0828/085218.262:ERROR:process_memory_win.cc(73)] ReadMemory at 0x7ffff1c80000 of 64 bytes failed: Only part of a ReadProcessMemory or WriteProcessMemory request was completed. (0x12B)
[0828/085218.262:WARNING:pe_image_reader.cc(340)] could not read dos header from C:\Windows\System32\combase.dll
[0828/085218.262:ERROR:process_memory_win.cc(73)] ReadMemory at 0x7fffef850000 of 64 bytes failed: Only part of a ReadProcessMemory or WriteProcessMemory request was completed. (0x12B)
[0828/085218.263:WARNING:pe_image_reader.cc(340)] could not read dos header from C:\Windows\System32\WINTRUST.dll
[0828/085218.263:ERROR:process_memory_win.cc(73)] ReadMemory at 0x7fffefe20000 of 64 bytes failed: Only part of a ReadProcessMemory or WriteProcessMemory request was completed. (0x12B)
[0828/085218.263:WARNING:pe_image_reader.cc(340)] could not read dos header from C:\Windows\System32\CRYPT32.dll
[0828/085218.263:ERROR:process_memory_win.cc(73)] ReadMemory at 0x7fffeecc0000 of 64 bytes failed: Only part of a ReadProcessMemory or WriteProcessMemory request was completed. (0x12B)
[0828/085218.263:WARNING:pe_image_reader.cc(340)] could not read dos header from C:\Windows\SYSTEM32\IPHLPAPI.DLL
[0828/085218.263:ERROR:process_memory_win.cc(73)] ReadMemory at 0x7fffe2a40000 of 64 bytes failed: Only part of a ReadProcessMemory or WriteProcessMemory request was completed. (0x12B)
[0828/085218.263:WARNING:pe_image_reader.cc(340)] could not read dos header from C:\Windows\SYSTEM32\WINMM.dll
[0828/085218.263:ERROR:process_memory_win.cc(73)] ReadMemory at 0x7fffd91a0000 of 64 bytes failed: Only part of a ReadProcessMemory or WriteProcessMemory request was completed. (0x12B)
[0828/085218.263:WARNING:pe_image_reader.cc(340)] could not read dos header from C:\Windows\SYSTEM32\Secur32.dll
[0828/085218.263:ERROR:process_memory_win.cc(73)] ReadMemory at 0x7fffef720000 of 64 bytes failed: Only part of a ReadProcessMemory or WriteProcessMemory request was completed. (0x12B)
[0828/085218.263:WARNING:pe_image_reader.cc(340)] could not read dos header from C:\Windows\SYSTEM32\USERENV.dll
[0828/085218.263:ERROR:process_memory_win.cc(73)] ReadMemory at 0x7fffc3e90000 of 64 bytes failed: Only part of a ReadProcessMemory or WriteProcessMemory request was completed. (0x12B)
[0828/085218.263:WARNING:pe_image_reader.cc(340)] could not read dos header from C:\Windows\SYSTEM32\UIAutomationCore.DLL
[0828/085218.263:ERROR:process_memory_win.cc(73)] ReadMemory at 0x7fffc9940000 of 64 bytes failed: Only part of a ReadProcessMemory or WriteProcessMemory request was completed. (0x12B)
[0828/085218.263:WARNING:pe_image_reader.cc(340)] could not read dos header from C:\Windows\SYSTEM32\DWrite.dll
[0828/085218.263:ERROR:process_memory_win.cc(73)] ReadMemory at 0x7fffe2750000 of 64 bytes failed: Only part of a ReadProcessMemory or WriteProcessMemory request was completed. (0x12B)
[0828/085218.263:WARNING:pe_image_reader.cc(340)] could not read dos header from C:\Windows\SYSTEM32\WINSPOOL.DRV
[0828/085218.263:ERROR:process_memory_win.cc(73)] ReadMemory at 0x7fffed690000 of 64 bytes failed: Only part of a ReadProcessMemory or WriteProcessMemory request was completed. (0x12B)
[0828/085218.263:WARNING:pe_image_reader.cc(340)] could not read dos header from C:\Windows\SYSTEM32\dbghelp.dll
[0828/085218.263:ERROR:process_memory_win.cc(73)] ReadMemory at 0x7fffdfa50000 of 64 bytes failed: Only part of a ReadProcessMemory or WriteProcessMemory request was completed. (0x12B)
[0828/085218.263:WARNING:pe_image_reader.cc(340)] could not read dos header from C:\Windows\SYSTEM32\WINHTTP.dll
[0828/085218.263:ERROR:process_memory_win.cc(73)] ReadMemory at 0x7fffe6b50000 of 64 bytes failed: Only part of a ReadProcessMemory or WriteProcessMemory request was completed. (0x12B)
[0828/085218.263:WARNING:pe_image_reader.cc(340)] could not read dos header from C:\Windows\SYSTEM32\dhcpcsvc.DLL
[0828/085218.263:ERROR:process_memory_win.cc(73)] ReadMemory at 0x7fffecdc0000 of 64 bytes failed: Only part of a ReadProcessMemory or WriteProcessMemory request was completed. (0x12B)
[0828/085218.263:WARNING:pe_image_reader.cc(340)] could not read dos header from C:\Windows\SYSTEM32\PROPSYS.dll
[0828/085218.263:ERROR:process_memory_win.cc(73)] ReadMemory at 0x7fffef6e0000 of 64 bytes failed: Only part of a ReadProcessMemory or WriteProcessMemory request was completed. (0x12B)
[0828/085218.263:WARNING:pe_image_reader.cc(340)] could not read dos header from C:\Windows\SYSTEM32\SSPICLI.DLL
[0828/085218.263:ERROR:process_memory_win.cc(73)] ReadMemory at 0x7fffef420000 of 64 bytes failed: Only part of a ReadProcessMemory or WriteProcessMemory request was completed. (0x12B)
[0828/085218.263:WARNING:pe_image_reader.cc(340)] could not read dos header from C:\Windows\System32\MSASN1.dll
[0828/085218.263:ERROR:process_memory_win.cc(73)] ReadMemory at 0x7fffeffb0000 of 64 bytes failed: Only part of a ReadProcessMemory or WriteProcessMemory request was completed. (0x12B)
[0828/085218.263:WARNING:pe_image_reader.cc(340)] could not read dos header from C:\Windows\System32\bcryptPrimitives.dll
[0828/085218.264:ERROR:process_memory_win.cc(73)] ReadMemory at 0x7fffef210000 of 64 bytes failed: Only part of a ReadProcessMemory or WriteProcessMemory request was completed. (0x12B)
[0828/085218.264:WARNING:pe_image_reader.cc(340)] could not read dos header from C:\Windows\SYSTEM32\CRYPTBASE.DLL
[0828/085218.276:ERROR:process_memory_win.cc(73)] ReadMemory at 0xd822de4000 of 114688 bytes failed: Only part of a ReadProcessMemory or WriteProcessMemory request was completed. (0x12B)
[0828/085218.277:ERROR:process_memory_win.cc(73)] ReadMemory at 0xd8235fd000 of 12288 bytes failed: Only part of a ReadProcessMemory or WriteProcessMemory request was completed. (0x12B)
[0828/085218.277:ERROR:process_memory_win.cc(73)] ReadMemory at 0xd823dfd000 of 12288 bytes failed: Only part of a ReadProcessMemory or WriteProcessMemory request was completed. (0x12B)
[0828/085218.277:ERROR:process_memory_win.cc(73)] ReadMemory at 0xd8245fc000 of 16384 bytes failed: Only part of a ReadProcessMemory or WriteProcessMemory request was completed. (0x12B)
[0828/085218.277:ERROR:process_memory_win.cc(73)] ReadMemory at 0xd824dfc000 of 16384 bytes failed: Only part of a ReadProcessMemory or WriteProcessMemory request was completed. (0x12B)
[0828/085218.278:ERROR:process_memory_win.cc(73)] ReadMemory at 0xd8255fe000 of 8192 bytes failed: Only part of a ReadProcessMemory or WriteProcessMemory request was completed. (0x12B)
[0828/085218.278:ERROR:process_memory_win.cc(73)] ReadMemory at 0xd825dfd000 of 12288 bytes failed: Only part of a ReadProcessMemory or WriteProcessMemory request was completed. (0x12B)
[0828/085218.278:ERROR:process_memory_win.cc(73)] ReadMemory at 0xd8265fb000 of 20480 bytes failed: Only part of a ReadProcessMemory or WriteProcessMemory request was completed. (0x12B)
[0828/085218.278:ERROR:process_memory_win.cc(73)] ReadMemory at 0xd8275fd000 of 12288 bytes failed: Only part of a ReadProcessMemory or WriteProcessMemory request was completed. (0x12B)
[0828/085218.278:ERROR:process_memory_win.cc(73)] ReadMemory at 0xd827df9000 of 28672 bytes failed: Only part of a ReadProcessMemory or WriteProcessMemory request was completed. (0x12B)
[0828/085218.278:ERROR:process_memory_win.cc(73)] ReadMemory at 0xd8285f9000 of 28672 bytes failed: Only part of a ReadProcessMemory or WriteProcessMemory request was completed. (0x12B)
[0828/085218.278:ERROR:process_memory_win.cc(73)] ReadMemory at 0xd828dfa000 of 24576 bytes failed: Only part of a ReadProcessMemory or WriteProcessMemory request was completed. (0x12B)
[0828/085218.279:ERROR:process_memory_win.cc(73)] ReadMemory at 0xd8295f9000 of 28672 bytes failed: Only part of a ReadProcessMemory or WriteProcessMemory request was completed. (0x12B)
[0828/085218.279:ERROR:process_memory_win.cc(73)] ReadMemory at 0xd829dfd000 of 12288 bytes failed: Only part of a ReadProcessMemory or WriteProcessMemory request was completed. (0x12B)
[0828/085218.279:ERROR:process_memory_win.cc(73)] ReadMemory at 0xd82a5fc000 of 16384 bytes failed: Only part of a ReadProcessMemory or WriteProcessMemory request was completed. (0x12B)
[0828/085218.279:ERROR:process_memory_win.cc(73)] ReadMemory at 0xd82adfd000 of 12288 bytes failed: Only part of a ReadProcessMemory or WriteProcessMemory request was completed. (0x12B)
[0828/085218.279:ERROR:process_memory_win.cc(73)] ReadMemory at 0xd82b5fd000 of 12288 bytes failed: Only part of a ReadProcessMemory or WriteProcessMemory request was completed. (0x12B)
[0828/085218.279:ERROR:process_memory_win.cc(73)] ReadMemory at 0xd82bdfc000 of 16384 bytes failed: Only part of a ReadProcessMemory or WriteProcessMemory request was completed. (0x12B)
[0828/085218.279:ERROR:process_memory_win.cc(73)] ReadMemory at 0xd82c5fd000 of 12288 bytes failed: Only part of a ReadProcessMemory or WriteProcessMemory request was completed. (0x12B)
[0828/085218.280:ERROR:process_memory_win.cc(73)] ReadMemory at 0xd82cdfc000 of 16384 bytes failed: Only part of a ReadProcessMemory or WriteProcessMemory request was completed. (0x12B)
[0828/085218.280:ERROR:process_memory_win.cc(73)] ReadMemory at 0xd826df9000 of 28672 bytes failed: Only part of a ReadProcessMemory or WriteProcessMemory request was completed. (0x12B)
[0828/085218.280:ERROR:process_memory_win.cc(73)] ReadMemory at 0xd822401000 of 852 bytes failed: Only part of a ReadProcessMemory or WriteProcessMemory request was completed. (0x12B)
[0828/085218.280:ERROR:process_memory_win.cc(73)] ReadMemory at 0xd822402000 of 6024 bytes failed: Only part of a ReadProcessMemory or WriteProcessMemory request was completed. (0x12B)
[0828/085218.280:ERROR:process_memory_win.cc(73)] ReadMemory at 0xd822404000 of 6024 bytes failed: Only part of a ReadProcessMemory or WriteProcessMemory request was completed. (0x12B)
[0828/085218.280:ERROR:process_memory_win.cc(73)] ReadMemory at 0xd822406000 of 6024 bytes failed: Only part of a ReadProcessMemory or WriteProcessMemory request was completed. (0x12B)
[0828/085218.281:ERROR:process_memory_win.cc(73)] ReadMemory at 0xd822408000 of 6024 bytes failed: Only part of a ReadProcessMemory or WriteProcessMemory request was completed. (0x12B)
[0828/085218.281:ERROR:process_memory_win.cc(73)] ReadMemory at 0xd82240a000 of 6024 bytes failed: Only part of a ReadProcessMemory or WriteProcessMemory request was completed. (0x12B)
[0828/085218.281:ERROR:process_memory_win.cc(73)] ReadMemory at 0xd82240c000 of 6024 bytes failed: Only part of a ReadProcessMemory or WriteProcessMemory request was completed. (0x12B)
[0828/085218.281:ERROR:process_memory_win.cc(73)] ReadMemory at 0xd82240e000 of 6024 bytes failed: Only part of a ReadProcessMemory or WriteProcessMemory request was completed. (0x12B)
[0828/085218.281:ERROR:process_memory_win.cc(73)] ReadMemory at 0xd822410000 of 6024 bytes failed: Only part of a ReadProcessMemory or WriteProcessMemory request was completed. (0x12B)
[0828/085218.281:ERROR:process_memory_win.cc(73)] ReadMemory at 0xd822414000 of 6024 bytes failed: Only part of a ReadProcessMemory or WriteProcessMemory request was completed. (0x12B)
[0828/085218.281:ERROR:process_memory_win.cc(73)] ReadMemory at 0xd822416000 of 6024 bytes failed: Only part of a ReadProcessMemory or WriteProcessMemory request was completed. (0x12B)
[0828/085218.281:ERROR:process_memory_win.cc(73)] ReadMemory at 0xd822418000 of 6024 bytes failed: Only part of a ReadProcessMemory or WriteProcessMemory request was completed. (0x12B)
[0828/085218.281:ERROR:process_memory_win.cc(73)] ReadMemory at 0xd82241a000 of 6024 bytes failed: Only part of a ReadProcessMemory or WriteProcessMemory request was completed. (0x12B)
[0828/085218.281:ERROR:process_memory_win.cc(73)] ReadMemory at 0xd82241c000 of 6024 bytes failed: Only part of a ReadProcessMemory or WriteProcessMemory request was completed. (0x12B)
[0828/085218.281:ERROR:process_memory_win.cc(73)] ReadMemory at 0xd82241e000 of 6024 bytes failed: Only part of a ReadProcessMemory or WriteProcessMemory request was completed. (0x12B)
[0828/085218.281:ERROR:process_memory_win.cc(73)] ReadMemory at 0xd822420000 of 6024 bytes failed: Only part of a ReadProcessMemory or WriteProcessMemory request was completed. (0x12B)
[0828/085218.281:ERROR:process_memory_win.cc(73)] ReadMemory at 0xd822422000 of 6024 bytes failed: Only part of a ReadProcessMemory or WriteProcessMemory request was completed. (0x12B)
[0828/085218.282:ERROR:process_memory_win.cc(73)] ReadMemory at 0xd822424000 of 6024 bytes failed: Only part of a ReadProcessMemory or WriteProcessMemory request was completed. (0x12B)
[0828/085218.282:ERROR:process_memory_win.cc(73)] ReadMemory at 0xd822426000 of 6024 bytes failed: Only part of a ReadProcessMemory or WriteProcessMemory request was completed. (0x12B)
[0828/085218.282:ERROR:process_memory_win.cc(73)] ReadMemory at 0xd822428000 of 6024 bytes failed: Only part of a ReadProcessMemory or WriteProcessMemory request was completed. (0x12B)
[0828/085218.282:ERROR:process_memory_win.cc(73)] ReadMemory at 0xd82242a000 of 6024 bytes failed: Only part of a ReadProcessMemory or WriteProcessMemory request was completed. (0x12B)
[0828/085218.282:ERROR:process_memory_win.cc(73)] ReadMemory at 0xd82242c000 of 6024 bytes failed: Only part of a ReadProcessMemory or WriteProcessMemory request was completed. (0x12B)
[0828/085218.282:ERROR:process_memory_win.cc(73)] ReadMemory at 0x2be5fe10fe0 of 5544 bytes failed: Only part of a ReadProcessMemory or WriteProcessMemory request was completed. (0x12B)
[0828/085218.282:ERROR:process_memory_win.cc(73)] ReadMemory at 0x2be5fe12590 of 1012 bytes failed: Only part of a ReadProcessMemory or WriteProcessMemory request was completed. (0x12B)
[0828/085218.282:ERROR:process_memory_win.cc(73)] ReadMemory at 0x2be5fe12bd8 of 118 bytes failed: Only part of a ReadProcessMemory or WriteProcessMemory request was completed. (0x12B)
[0828/085218.282:ERROR:process_memory_win.cc(73)] ReadMemory at 0x2be5fe12c50 of 1210 bytes failed: Only part of a ReadProcessMemory or WriteProcessMemory request was completed. (0x12B)
[0828/085218.282:ERROR:process_memory_win.cc(73)] ReadMemory at 0x2be5fe1310c of 118 bytes failed: Only part of a ReadProcessMemory or WriteProcessMemory request was completed. (0x12B)
[0828/085218.282:ERROR:process_memory_win.cc(73)] ReadMemory at 0x2be5fe13184 of 100 bytes failed: Only part of a ReadProcessMemory or WriteProcessMemory request was completed. (0x12B)
[0828/085218.282:ERROR:process_memory_win.cc(73)] ReadMemory at 0x2be5fe13200 of 58 bytes failed: Only part of a ReadProcessMemory or WriteProcessMemory request was completed. (0x12B)
[0828/085218.283:ERROR:process_memory_win.cc(73)] ReadMemory at 0x2be5fe13300 of 132 bytes failed: Only part of a ReadProcessMemory or WriteProcessMemory request was completed. (0x12B)
[0828/085218.283:ERROR:process_memory_win.cc(73)] ReadMemory at 0x2be5fe13490 of 132 bytes failed: Only part of a ReadProcessMemory or WriteProcessMemory request was completed. (0x12B)
[0828/085218.283:ERROR:process_memory_win.cc(73)] ReadMemory at 0x2be5fe13650 of 126 bytes failed: Only part of a ReadProcessMemory or WriteProcessMemory request was completed. (0x12B)
[0828/085218.283:ERROR:process_memory_win.cc(73)] ReadMemory at 0x2be5fe13a30 of 132 bytes failed: Only part of a ReadProcessMemory or WriteProcessMemory request was completed. (0x12B)
[0828/085218.283:ERROR:process_memory_win.cc(73)] ReadMemory at 0x2be5fe13bc0 of 64 bytes failed: Only part of a ReadProcessMemory or WriteProcessMemory request was completed. (0x12B)
[0828/085218.283:ERROR:process_memory_win.cc(73)] ReadMemory at 0x2be5fe13d80 of 132 bytes failed: Only part of a ReadProcessMemory or WriteProcessMemory request was completed. (0x12B)
[0828/085218.283:ERROR:process_memory_win.cc(73)] ReadMemory at 0x2be5fe14040 of 132 bytes failed: Only part of a ReadProcessMemory or WriteProcessMemory request was completed. (0x12B)
[0828/085218.283:ERROR:process_memory_win.cc(73)] ReadMemory at 0x2be5fe141d0 of 68 bytes failed: Only part of a ReadProcessMemory or WriteProcessMemory request was completed. (0x12B)
[0828/085218.283:ERROR:process_memory_win.cc(73)] ReadMemory at 0x2be5fe15380 of 132 bytes failed: Only part of a ReadProcessMemory or WriteProcessMemory request was completed. (0x12B)
[0828/085218.283:ERROR:process_memory_win.cc(73)] ReadMemory at 0x2be5fe154b0 of 154 bytes failed: Only part of a ReadProcessMemory or WriteProcessMemory request was completed. (0x12B)
[0828/085218.283:ERROR:process_memory_win.cc(73)] ReadMemory at 0x2be5fe16270 of 132 bytes failed: Only part of a ReadProcessMemory or WriteProcessMemory request was completed. (0x12B)
[0828/085218.283:ERROR:process_memory_win.cc(73)] ReadMemory at 0x2be5fe16cb0 of 60 bytes failed: Only part of a ReadProcessMemory or WriteProcessMemory request was completed. (0x12B)
[0828/085218.283:ERROR:process_memory_win.cc(73)] ReadMemory at 0x2be5fe16d60 of 62 bytes failed: Only part of a ReadProcessMemory or WriteProcessMemory request was completed. (0x12B)
[0828/085218.284:ERROR:process_memory_win.cc(73)] ReadMemory at 0x2be5fe23830 of 132 bytes failed: Only part of a ReadProcessMemory or WriteProcessMemory request was completed. (0x12B)
[0828/085218.284:ERROR:process_memory_win.cc(73)] ReadMemory at 0x2be5fe23fa0 of 132 bytes failed: Only part of a ReadProcessMemory or WriteProcessMemory request was completed. (0x12B)
[0828/085218.284:ERROR:process_memory_win.cc(73)] ReadMemory at 0x2be5fe242c0 of 132 bytes failed: Only part of a ReadProcessMemory or WriteProcessMemory request was completed. (0x12B)
[0828/085218.284:ERROR:process_memory_win.cc(73)] ReadMemory at 0x2be5fe277a0 of 132 bytes failed: Only part of a ReadProcessMemory or WriteProcessMemory request was completed. (0x12B)
[0828/085218.284:ERROR:process_memory_win.cc(73)] ReadMemory at 0x2be5fe27af0 of 132 bytes failed: Only part of a ReadProcessMemory or WriteProcessMemory request was completed. (0x12B)
[0828/085218.284:ERROR:process_memory_win.cc(73)] ReadMemory at 0x2be5fe27d00 of 132 bytes failed: Only part of a ReadProcessMemory or WriteProcessMemory request was completed. (0x12B)
[0828/085218.284:ERROR:process_memory_win.cc(73)] ReadMemory at 0x2be5fe28ac0 of 132 bytes failed: Only part of a ReadProcessMemory or WriteProcessMemory request was completed. (0x12B)
[0828/085218.284:ERROR:process_memory_win.cc(73)] ReadMemory at 0x2be5fe28bf0 of 132 bytes failed: Only part of a ReadProcessMemory or WriteProcessMemory request was completed. (0x12B)
[0828/085218.284:ERROR:process_memory_win.cc(73)] ReadMemory at 0x2be5fe28d20 of 132 bytes failed: Only part of a ReadProcessMemory or WriteProcessMemory request was completed. (0x12B)
[0828/085218.284:ERROR:process_memory_win.cc(73)] ReadMemory at 0x2be5fe2a020 of 62 bytes failed: Only part of a ReadProcessMemory or WriteProcessMemory request was completed. (0x12B)
[0828/085218.284:ERROR:process_memory_win.cc(73)] ReadMemory at 0x2be5fe2a070 of 60 bytes failed: Only part of a ReadProcessMemory or WriteProcessMemory request was completed. (0x12B)
[0828/085218.284:ERROR:process_memory_win.cc(73)] ReadMemory at 0x2be5fe2a1b0 of 64 bytes failed: Only part of a ReadProcessMemory or WriteProcessMemory request was completed. (0x12B)
[0828/085218.284:ERROR:process_memory_win.cc(73)] ReadMemory at 0x2be5fe2a2f0 of 64 bytes failed: Only part of a ReadProcessMemory or WriteProcessMemory request was completed. (0x12B)
[0828/085218.284:ERROR:process_memory_win.cc(73)] ReadMemory at 0x2be5fe2a340 of 58 bytes failed: Only part of a ReadProcessMemory or WriteProcessMemory request was completed. (0x12B)
[0828/085218.284:ERROR:process_memory_win.cc(73)] ReadMemory at 0x2be5fe2a390 of 62 bytes failed: Only part of a ReadProcessMemory or WriteProcessMemory request was completed. (0x12B)
[0828/085218.285:ERROR:process_memory_win.cc(73)] ReadMemory at 0x2be5fe2a3e0 of 62 bytes failed: Only part of a ReadProcessMemory or WriteProcessMemory request was completed. (0x12B)
[0828/085218.285:ERROR:process_memory_win.cc(73)] ReadMemory at 0x2be5fe2a430 of 64 bytes failed: Only part of a ReadProcessMemory or WriteProcessMemory request was completed. (0x12B)
[0828/085218.285:ERROR:process_memory_win.cc(73)] ReadMemory at 0x2be5fe2a4d0 of 60 bytes failed: Only part of a ReadProcessMemory or WriteProcessMemory request was completed. (0x12B)
[0828/085218.285:ERROR:process_memory_win.cc(73)] ReadMemory at 0x2be5fe2a610 of 62 bytes failed: Only part of a ReadProcessMemory or WriteProcessMemory request was completed. (0x12B)
[0828/085218.285:ERROR:process_memory_win.cc(73)] ReadMemory at 0x2be5fe2a7f0 of 62 bytes failed: Only part of a ReadProcessMemory or WriteProcessMemory request was completed. (0x12B)
[0828/085218.285:ERROR:process_memory_win.cc(73)] ReadMemory at 0x2be5fe2a840 of 60 bytes failed: Only part of a ReadProcessMemory or WriteProcessMemory request was completed. (0x12B)
[0828/085218.285:ERROR:process_memory_win.cc(73)] ReadMemory at 0x2be5fe2a890 of 64 bytes failed: Only part of a ReadProcessMemory or WriteProcessMemory request was completed. (0x12B)
[0828/085218.285:ERROR:process_memory_win.cc(73)] ReadMemory at 0x2be5fe2a8e0 of 64 bytes failed: Only part of a ReadProcessMemory or WriteProcessMemory request was completed. (0x12B)
[0828/085218.285:ERROR:process_memory_win.cc(73)] ReadMemory at 0x2be5fe2a9d0 of 62 bytes failed: Only part of a ReadProcessMemory or WriteProcessMemory request was completed. (0x12B)
[0828/085218.285:ERROR:process_memory_win.cc(73)] ReadMemory at 0x2be5fe2abb0 of 62 bytes failed: Only part of a ReadProcessMemory or WriteProcessMemory request was completed. (0x12B)
[0828/085218.285:ERROR:process_memory_win.cc(73)] ReadMemory at 0x2be5fe2aca0 of 62 bytes failed: Only part of a ReadProcessMemory or WriteProcessMemory request was completed. (0x12B)
[0828/085218.285:ERROR:process_memory_win.cc(73)] ReadMemory at 0x2be5fe2ad40 of 66 bytes failed: Only part of a ReadProcessMemory or WriteProcessMemory request was completed. (0x12B)
[0828/085218.285:ERROR:process_memory_win.cc(73)] ReadMemory at 0x2be5fe2ae30 of 64 bytes failed: Only part of a ReadProcessMemory or WriteProcessMemory request was completed. (0x12B)
[0828/085218.285:ERROR:process_memory_win.cc(73)] ReadMemory at 0x2be5fe2af20 of 62 bytes failed: Only part of a ReadProcessMemory or WriteProcessMemory request was completed. (0x12B)
[0828/085218.285:ERROR:process_memory_win.cc(73)] ReadMemory at 0x2be5fe2af70 of 64 bytes failed: Only part of a ReadProcessMemory or WriteProcessMemory request was completed. (0x12B)
[0828/085218.285:ERROR:process_memory_win.cc(73)] ReadMemory at 0x2be5fe2d9f0 of 146 bytes failed: Only part of a ReadProcessMemory or WriteProcessMemory request was completed. (0x12B)
[0828/085218.286:ERROR:process_memory_win.cc(73)] ReadMemory at 0x2be5fe30680 of 132 bytes failed: Only part of a ReadProcessMemory or WriteProcessMemory request was completed. (0x12B)
[0828/085218.286:ERROR:process_memory_win.cc(73)] ReadMemory at 0x2be5fe307b0 of 132 bytes failed: Only part of a ReadProcessMemory or WriteProcessMemory request was completed. (0x12B)
[0828/085218.286:ERROR:process_memory_win.cc(73)] ReadMemory at 0x2be5fe308e0 of 132 bytes failed: Only part of a ReadProcessMemory or WriteProcessMemory request was completed. (0x12B)
[0828/085218.286:ERROR:process_memory_win.cc(73)] ReadMemory at 0x2be5fe30a10 of 132 bytes failed: Only part of a ReadProcessMemory or WriteProcessMemory request was completed. (0x12B)
[0828/085218.286:ERROR:process_memory_win.cc(73)] ReadMemory at 0x2be5fe30b40 of 132 bytes failed: Only part of a ReadProcessMemory or WriteProcessMemory request was completed. (0x12B)
[0828/085218.286:ERROR:process_memory_win.cc(73)] ReadMemory at 0x2be5fe30c70 of 132 bytes failed: Only part of a ReadProcessMemory or WriteProcessMemory request was completed. (0x12B)
[0828/085218.286:ERROR:process_memory_win.cc(73)] ReadMemory at 0x2be5fe30da0 of 132 bytes failed: Only part of a ReadProcessMemory or WriteProcessMemory request was completed. (0x12B)
[0828/085218.286:ERROR:process_memory_win.cc(73)] ReadMemory at 0x2be5fe30ed0 of 132 bytes failed: Only part of a ReadProcessMemory or WriteProcessMemory request was completed. (0x12B)
[0828/085218.286:ERROR:process_memory_win.cc(73)] ReadMemory at 0x2be5fe31000 of 132 bytes failed: Only part of a ReadProcessMemory or WriteProcessMemory request was completed. (0x12B)
[0828/085218.286:ERROR:process_memory_win.cc(73)] ReadMemory at 0x2be5fe31130 of 132 bytes failed: Only part of a ReadProcessMemory or WriteProcessMemory request was completed. (0x12B)
[0828/085218.286:ERROR:process_memory_win.cc(73)] ReadMemory at 0x2be5fe31260 of 132 bytes failed: Only part of a ReadProcessMemory or WriteProcessMemory request was completed. (0x12B)
[0828/085218.286:ERROR:process_memory_win.cc(73)] ReadMemory at 0x2be5fe31390 of 132 bytes failed: Only part of a ReadProcessMemory or WriteProcessMemory request was completed. (0x12B)
[0828/085218.286:ERROR:process_memory_win.cc(73)] ReadMemory at 0x2be5fe31f30 of 80 bytes failed: Only part of a ReadProcessMemory or WriteProcessMemory request was completed. (0x12B)
[0828/085218.286:ERROR:process_memory_win.cc(73)] ReadMemory at 0x2be5fe32410 of 80 bytes failed: Only part of a ReadProcessMemory or WriteProcessMemory request was completed. (0x12B)
[0828/085218.286:ERROR:process_memory_win.cc(73)] ReadMemory at 0x2be5fe351c0 of 132 bytes failed: Only part of a ReadProcessMemory or WriteProcessMemory request was completed. (0x12B)
[0828/085218.286:ERROR:process_memory_win.cc(73)] ReadMemory at 0x2be5fe358e0 of 132 bytes failed: Only part of a ReadProcessMemory or WriteProcessMemory request was completed. (0x12B)
[0828/085218.287:ERROR:process_memory_win.cc(73)] ReadMemory at 0x2be5fe35da0 of 132 bytes failed: Only part of a ReadProcessMemory or WriteProcessMemory request was completed. (0x12B)
[0828/085218.287:ERROR:process_memory_win.cc(73)] ReadMemory at 0x2be5fe36130 of 132 bytes failed: Only part of a ReadProcessMemory or WriteProcessMemory request was completed. (0x12B)
[0828/085218.287:ERROR:process_memory_win.cc(73)] ReadMemory at 0x2be5fe3f460 of 60 bytes failed: Only part of a ReadProcessMemory or WriteProcessMemory request was completed. (0x12B)
[0828/085218.287:ERROR:process_memory_win.cc(73)] ReadMemory at 0x2be5fe94790 of 512 bytes failed: Only part of a ReadProcessMemory or WriteProcessMemory request was completed. (0x12B)
[0828/085218.287:ERROR:process_memory_win.cc(73)] ReadMemory at 0x2be5feb4590 of 512 bytes failed: Only part of a ReadProcessMemory or WriteProcessMemory request was completed. (0x12B)
[0828/085218.287:ERROR:process_memory_win.cc(73)] ReadMemory at 0x2be5feb5700 of 512 bytes failed: Only part of a ReadProcessMemory or WriteProcessMemory request was completed. (0x12B)
[0828/085218.287:ERROR:process_memory_win.cc(73)] ReadMemory at 0x2be5febdbe0 of 712 bytes failed: Only part of a ReadProcessMemory or WriteProcessMemory request was completed. (0x12B)
[0828/085218.287:ERROR:process_memory_win.cc(73)] ReadMemory at 0x2be5fedfac0 of 544 bytes failed: Only part of a ReadProcessMemory or WriteProcessMemory request was completed. (0x12B)
[0828/085218.287:ERROR:process_memory_win.cc(73)] ReadMemory at 0x2be5fef18e0 of 512 bytes failed: Only part of a ReadProcessMemory or WriteProcessMemory request was completed. (0x12B)
[0828/085218.288:ERROR:process_memory_win.cc(73)] ReadMemory at 0x2be5fefc230 of 512 bytes failed: Only part of a ReadProcessMemory or WriteProcessMemory request was completed. (0x12B)
[0828/085218.288:ERROR:process_memory_win.cc(73)] ReadMemory at 0x2be5ff10ca0 of 512 bytes failed: Only part of a ReadProcessMemory or WriteProcessMemory request was completed. (0x12B)
[0828/085218.288:ERROR:process_memory_win.cc(73)] ReadMemory at 0x2be5ff122c0 of 512 bytes failed: Only part of a ReadProcessMemory or WriteProcessMemory request was completed. (0x12B)
[0828/085218.288:ERROR:process_memory_win.cc(73)] ReadMemory at 0x2be5ff13880 of 512 bytes failed: Only part of a ReadProcessMemory or WriteProcessMemory request was completed. (0x12B)
[0828/085218.288:ERROR:process_memory_win.cc(73)] ReadMemory at 0x2be617ed740 of 512 bytes failed: Only part of a ReadProcessMemory or WriteProcessMemory request was completed. (0x12B)
[0828/085218.288:ERROR:process_memory_win.cc(73)] ReadMemory at 0x2be61805d30 of 512 bytes failed: Only part of a ReadProcessMemory or WriteProcessMemory request was completed. (0x12B)
[0828/085218.288:ERROR:process_memory_win.cc(73)] ReadMemory at 0x2be6189a0e8 of 512 bytes failed: Only part of a ReadProcessMemory or WriteProcessMemory request was completed. (0x12B)
[0828/085218.288:ERROR:process_memory_win.cc(73)] ReadMemory at 0x2be61e4aec8 of 512 bytes failed: Only part of a ReadProcessMemory or WriteProcessMemory request was completed. (0x12B)
[0828/085218.288:ERROR:process_memory_win.cc(73)] ReadMemory at 0x433d081b879d of 512 bytes failed: Only part of a ReadProcessMemory or WriteProcessMemory request was completed. (0x12B)
[0828/085218.288:ERROR:process_memory_win.cc(73)] ReadMemory at 0x7fff94cba82b of 512 bytes failed: Only part of a ReadProcessMemory or WriteProcessMemory request was completed. (0x12B)
[0828/085218.288:ERROR:process_memory_win.cc(73)] ReadMemory at 0x7fff94d3636a of 512 bytes failed: Only part of a ReadProcessMemory or WriteProcessMemory request was completed. (0x12B)
[0828/085218.288:ERROR:process_memory_win.cc(73)] ReadMemory at 0x7fff94f68a4c of 512 bytes failed: Only part of a ReadProcessMemory or WriteProcessMemory request was completed. (0x12B)
[0828/085218.288:ERROR:process_memory_win.cc(73)] ReadMemory at 0x7fff99fba8c0 of 512 bytes failed: Only part of a ReadProcessMemory or WriteProcessMemory request was completed. (0x12B)
[0828/085218.288:ERROR:process_memory_win.cc(73)] ReadMemory at 0x7fffefa73dc9 of 512 bytes failed: Only part of a ReadProcessMemory or WriteProcessMemory request was completed. (0x12B)
[0828/085218.288:ERROR:process_memory_win.cc(73)] ReadMemory at 0x7fffefcdc738 of 512 bytes failed: Only part of a ReadProcessMemory or WriteProcessMemory request was completed. (0x12B)
[0828/085218.289:ERROR:process_memory_win.cc(73)] ReadMemory at 0x7ffff216bdc4 of 672 bytes failed: Only part of a ReadProcessMemory or WriteProcessMemory request was completed. (0x12B)
[0828/085218.289:ERROR:process_memory_win.cc(73)] ReadMemory at 0x7ffff216c3c4 of 512 bytes failed: Only part of a ReadProcessMemory or WriteProcessMemory request was completed. (0x12B)
[0828/085218.289:ERROR:process_memory_win.cc(73)] ReadMemory at 0x7ffff216f734 of 608 bytes failed: Only part of a ReadProcessMemory or WriteProcessMemory request was completed. (0x12B)
[0828/085218.289:ERROR:process_memory_win.cc(73)] ReadMemory at 0x7ffff22006e0 of 18 bytes failed: Only part of a ReadProcessMemory or WriteProcessMemory request was completed. (0x12B)
[0828/085218.289:ERROR:process_memory_win.cc(73)] ReadMemory at 0x7ffff22344f8 of 40 bytes failed: Only part of a ReadProcessMemory or WriteProcessMemory request was completed. (0x12B)
[0828/085218.289:ERROR:process_memory_win.cc(73)] ReadMemory at 0x7ffff2234978 of 48 bytes failed: Only part of a ReadProcessMemory or WriteProcessMemory request was completed. (0x12B)
[0828/085218.289:ERROR:process_memory_win.cc(73)] ReadMemory at 0x7ffff223a4c0 of 64 bytes failed: Only part of a ReadProcessMemory or WriteProcessMemory request was completed. (0x12B)
[0828/085218.290:ERROR:scoped_process_suspend.cc(40)] NtResumeProcess: An attempt was made to access an exiting process. (0xc000010a)
